<?xml version="1.0" encoding="UTF-8"?>
<!-- Generated by org.testng.reporters.JUnitReportReporter -->
<testsuite hostname="DGL061-DM-DINESH" failures="0" tests="1" name="scripts.TestCase1" time="0.021" errors="0" timestamp="2024-01-21T01:55:45 IST" skipped="0">
  <testcase classname="scripts.TestCase1" name="tc1" time="0.021"/>
  <system-out>
    <![CDATA[Hello World]]>
  </system-out>
</testsuite> <!-- scripts.TestCase1 -->
