<?xml version="1.0" encoding="UTF-8"?>
<!-- Generated by org.testng.reporters.JUnitReportReporter -->
<testsuite hostname="DGL061-DM-DINESH" failures="0" tests="1" name="scripts.TestCase2" time="0.002" errors="0" timestamp="2024-01-21T01:55:45 IST" skipped="0">
  <testcase classname="scripts.TestCase2" name="tc2" time="0.002"/>
  <system-out>
    <![CDATA[Hello Selenium]]>
  </system-out>
</testsuite> <!-- scripts.TestCase2 -->
