<?xml version="1.0" encoding="UTF-8"?>
<!-- Generated by org.testng.reporters.JUnitReportReporter -->
<testsuite hostname="DGL061-DM-DINESH" failures="0" tests="1" name="scripts.TestCase4" time="0.009" errors="0" timestamp="2024-01-21T01:55:45 IST" skipped="0">
  <testcase classname="scripts.TestCase4" name="tc4" time="0.009"/>
  <system-out>
    <![CDATA[Hello India]]>
  </system-out>
</testsuite> <!-- scripts.TestCase4 -->
